2022-04-08 06:30:30,315 INFO org.springframework.boot.StartupInfoLogger [restartedMain] Starting PokedexApplication using Java 1.8.0_201 on LAPTOP-SK46QSKN with PID 4568 (C:\Users\52554\Documents\pokedexRestApi\Pokedex\target\classes started by Jesus in C:\Users\52554\Documents\pokedexRestApi\Pokedex)
2022-04-08 06:30:30,315 DEBUG org.springframework.boot.StartupInfoLogger [restartedMain] Running with Spring Boot v2.6.6, Spring v5.3.18
2022-04-08 06:30:30,316 INFO org.springframework.boot.SpringApplication [restartedMain] The following 1 profile is active: "default"
2022-04-08 06:30:30,479 TRACE org.springframework.context.annotation.ClassPathScanningCandidateComponentProvider [restartedMain] Scanning file [C:\Users\52554\Documents\pokedexRestApi\Pokedex\target\classes\com\rest\api\pokedex\core\repository\mapper\IPokemonMapper.class]
2022-04-08 06:30:30,480 DEBUG org.springframework.context.annotation.ClassPathScanningCandidateComponentProvider [restartedMain] Identified candidate component class: file [C:\Users\52554\Documents\pokedexRestApi\Pokedex\target\classes\com\rest\api\pokedex\core\repository\mapper\IPokemonMapper.class]
2022-04-08 06:30:30,481 DEBUG org.mybatis.spring.mapper.ClassPathMapperScanner [restartedMain] Creating MapperFactoryBean with name 'IPokemonMapper' and 'com.rest.api.pokedex.core.repository.mapper.IPokemonMapper' mapperInterface
2022-04-08 06:30:30,517 INFO org.springframework.data.repository.config.RepositoryConfigurationDelegate [restartedMain] Bootstrapping Spring Data JPA repositories in DEFAULT mode.
2022-04-08 06:30:30,523 INFO org.springframework.data.repository.config.RepositoryConfigurationDelegate [restartedMain] Finished Spring Data repository scanning in 4 ms. Found 0 JPA repository interfaces.
2022-04-08 06:30:30,648 INFO org.springframework.boot.web.embedded.tomcat.TomcatWebServer [restartedMain] Tomcat initialized with port(s): 9097 (http)
2022-04-08 06:30:30,649 INFO org.apache.juli.logging.DirectJDKLog [restartedMain] Starting service [Tomcat]
2022-04-08 06:30:30,649 INFO org.apache.juli.logging.DirectJDKLog [restartedMain] Starting Servlet engine: [Apache Tomcat/9.0.60]
2022-04-08 06:30:30,665 INFO org.apache.juli.logging.DirectJDKLog [restartedMain] Initializing Spring embedded WebApplicationContext
2022-04-08 06:30:30,666 INFO org.springframework.boot.web.servlet.context.ServletWebServerApplicationContext [restartedMain] Root WebApplicationContext: initialization completed in 348 ms
2022-04-08 06:30:30,686 INFO com.zaxxer.hikari.HikariDataSource [restartedMain] HikariPool-4 - Starting...
2022-04-08 06:30:30,691 INFO com.zaxxer.hikari.HikariDataSource [restartedMain] HikariPool-4 - Start completed.
2022-04-08 06:30:30,697 INFO org.hibernate.jpa.internal.util.LogHelper [restartedMain] HHH000204: Processing PersistenceUnitInfo [name: default]
2022-04-08 06:30:30,703 INFO org.hibernate.dialect.Dialect [restartedMain] HHH000400: Using dialect: org.hibernate.dialect.MySQL55Dialect
2022-04-08 06:30:30,709 INFO org.hibernate.engine.transaction.jta.platform.internal.JtaPlatformInitiator [restartedMain] HHH000490: Using JtaPlatform implementation: [org.hibernate.engine.transaction.jta.platform.internal.NoJtaPlatform]
2022-04-08 06:30:30,710 INFO org.springframework.orm.jpa.AbstractEntityManagerFactoryBean [restartedMain] Initialized JPA EntityManagerFactory for persistence unit 'default'
2022-04-08 06:30:30,720 DEBUG org.mybatis.spring.SqlSessionFactoryBean [restartedMain] Property 'configuration' or 'configLocation' not specified, using default MyBatis Configuration
2022-04-08 06:30:30,722 DEBUG org.mybatis.spring.SqlSessionFactoryBean [restartedMain] Property 'mapperLocations' was not specified or no matching resources found
2022-04-08 06:30:30,740 WARN org.springframework.boot.autoconfigure.orm.jpa.JpaBaseConfiguration$JpaWebConfiguration [restartedMain] spring.jpa.open-in-view is enabled by default. Therefore, database queries may be performed during view rendering. Explicitly configure spring.jpa.open-in-view to disable this warning
2022-04-08 06:30:30,826 INFO org.springframework.boot.devtools.autoconfigure.OptionalLiveReloadServer [restartedMain] LiveReload server is running on port 35729
2022-04-08 06:30:30,837 INFO org.springframework.boot.web.embedded.tomcat.TomcatWebServer [restartedMain] Tomcat started on port(s): 9097 (http) with context path ''
2022-04-08 06:30:30,841 INFO org.springframework.boot.StartupInfoLogger [restartedMain] Started PokedexApplication in 0.56 seconds (JVM running for 651.971)
2022-04-08 06:30:30,842 INFO org.springframework.boot.devtools.autoconfigure.ConditionEvaluationDeltaLoggingListener [restartedMain] Condition evaluation unchanged
2022-04-08 06:30:51,936 INFO org.springframework.orm.jpa.AbstractEntityManagerFactoryBean [Thread-21] Closing JPA EntityManagerFactory for persistence unit 'default'
2022-04-08 06:30:51,938 INFO com.zaxxer.hikari.HikariDataSource [Thread-21] HikariPool-4 - Shutdown initiated...
2022-04-08 06:30:51,943 INFO com.zaxxer.hikari.HikariDataSource [Thread-21] HikariPool-4 - Shutdown completed.
2022-04-08 06:30:52,083 ERROR org.springframework.boot.SpringApplication [restartedMain] Application run failed
java.lang.IllegalStateException: java.lang.IllegalStateException: Logback configuration error detected: 
ERROR in ch.qos.logback.core.joran.action.AppenderRefAction - Could not find an appender named [Console]. Did you define it below instead of above in the configuration file?
ERROR in ch.qos.logback.core.joran.action.AppenderRefAction - See http://logback.qos.ch/codes.html#appender_order for more details.
ERROR in ch.qos.logback.core.joran.action.AppenderRefAction - Could not find an appender named [Console]. Did you define it below instead of above in the configuration file?
ERROR in ch.qos.logback.core.joran.action.AppenderRefAction - See http://logback.qos.ch/codes.html#appender_order for more details.
ERROR in ch.qos.logback.core.joran.action.AppenderRefAction - Could not find an appender named [Console]. Did you define it below instead of above in the configuration file?
ERROR in ch.qos.logback.core.joran.action.AppenderRefAction - See http://logback.qos.ch/codes.html#appender_order for more details.
	at org.springframework.boot.context.logging.LoggingApplicationListener.initializeSystem(LoggingApplicationListener.java:328)
	at org.springframework.boot.context.logging.LoggingApplicationListener.initialize(LoggingApplicationListener.java:282)
	at org.springframework.boot.context.logging.LoggingApplicationListener.onApplicationEnvironmentPreparedEvent(LoggingApplicationListener.java:240)
	at org.springframework.boot.context.logging.LoggingApplicationListener.onApplicationEvent(LoggingApplicationListener.java:216)
	at org.springframework.context.event.SimpleApplicationEventMulticaster.doInvokeListener(SimpleApplicationEventMulticaster.java:176)
	at org.springframework.context.event.SimpleApplicationEventMulticaster.invokeListener(SimpleApplicationEventMulticaster.java:169)
	at org.springframework.context.event.SimpleApplicationEventMulticaster.multicastEvent(SimpleApplicationEventMulticaster.java:143)
	at org.springframework.context.event.SimpleApplicationEventMulticaster.multicastEvent(SimpleApplicationEventMulticaster.java:131)
	at org.springframework.boot.context.event.EventPublishingRunListener.environmentPrepared(EventPublishingRunListener.java:85)
	at org.springframework.boot.SpringApplicationRunListeners.lambda$environmentPrepared$2(SpringApplicationRunListeners.java:66)
	at java.util.ArrayList.forEach(Unknown Source)
	at org.springframework.boot.SpringApplicationRunListeners.doWithListeners(SpringApplicationRunListeners.java:120)
	at org.springframework.boot.SpringApplicationRunListeners.doWithListeners(SpringApplicationRunListeners.java:114)
	at org.springframework.boot.SpringApplicationRunListeners.environmentPrepared(SpringApplicationRunListeners.java:65)
	at org.springframework.boot.SpringApplication.prepareEnvironment(SpringApplication.java:339)
	at org.springframework.boot.SpringApplication.run(SpringApplication.java:297)
	at org.springframework.boot.SpringApplication.run(SpringApplication.java:1312)
	at org.springframework.boot.SpringApplication.run(SpringApplication.java:1301)
	at com.rest.api.pokedex.core.PokedexApplication.main(PokedexApplication.java:10)
	at sun.reflect.NativeMethodAccessorImpl.invoke0(Native Method)
	at sun.reflect.NativeMethodAccessorImpl.invoke(Unknown Source)
	at sun.reflect.DelegatingMethodAccessorImpl.invoke(Unknown Source)
	at java.lang.reflect.Method.invoke(Unknown Source)
	at org.springframework.boot.devtools.restart.RestartLauncher.run(RestartLauncher.java:49)
Caused by: java.lang.IllegalStateException: Logback configuration error detected: 
ERROR in ch.qos.logback.core.joran.action.AppenderRefAction - Could not find an appender named [Console]. Did you define it below instead of above in the configuration file?
ERROR in ch.qos.logback.core.joran.action.AppenderRefAction - See http://logback.qos.ch/codes.html#appender_order for more details.
ERROR in ch.qos.logback.core.joran.action.AppenderRefAction - Could not find an appender named [Console]. Did you define it below instead of above in the configuration file?
ERROR in ch.qos.logback.core.joran.action.AppenderRefAction - See http://logback.qos.ch/codes.html#appender_order for more details.
ERROR in ch.qos.logback.core.joran.action.AppenderRefAction - Could not find an appender named [Console]. Did you define it below instead of above in the configuration file?
ERROR in ch.qos.logback.core.joran.action.AppenderRefAction - See http://logback.qos.ch/codes.html#appender_order for more details.
	at org.springframework.boot.logging.logback.LogbackLoggingSystem.loadConfiguration(LogbackLoggingSystem.java:179)
	at org.springframework.boot.logging.logback.LogbackLoggingSystem.reinitialize(LogbackLoggingSystem.java:232)
	at org.springframework.boot.logging.AbstractLoggingSystem.initializeWithConventions(AbstractLoggingSystem.java:73)
	at org.springframework.boot.logging.AbstractLoggingSystem.initialize(AbstractLoggingSystem.java:60)
	at org.springframework.boot.logging.logback.LogbackLoggingSystem.initialize(LogbackLoggingSystem.java:132)
	at org.springframework.boot.context.logging.LoggingApplicationListener.initializeSystem(LoggingApplicationListener.java:313)
	... 23 common frames omitted
2022-04-08 06:31:23,375 ERROR org.springframework.boot.SpringApplication [restartedMain] Application run failed
java.lang.IllegalStateException: java.lang.IllegalStateException: Logback configuration error detected: 
ERROR in ch.qos.logback.classic.PatternLayout("null") - Empty or null pattern.
	at org.springframework.boot.context.logging.LoggingApplicationListener.initializeSystem(LoggingApplicationListener.java:328)
	at org.springframework.boot.context.logging.LoggingApplicationListener.initialize(LoggingApplicationListener.java:282)
	at org.springframework.boot.context.logging.LoggingApplicationListener.onApplicationEnvironmentPreparedEvent(LoggingApplicationListener.java:240)
	at org.springframework.boot.context.logging.LoggingApplicationListener.onApplicationEvent(LoggingApplicationListener.java:216)
	at org.springframework.context.event.SimpleApplicationEventMulticaster.doInvokeListener(SimpleApplicationEventMulticaster.java:176)
	at org.springframework.context.event.SimpleApplicationEventMulticaster.invokeListener(SimpleApplicationEventMulticaster.java:169)
	at org.springframework.context.event.SimpleApplicationEventMulticaster.multicastEvent(SimpleApplicationEventMulticaster.java:143)
	at org.springframework.context.event.SimpleApplicationEventMulticaster.multicastEvent(SimpleApplicationEventMulticaster.java:131)
	at org.springframework.boot.context.event.EventPublishingRunListener.environmentPrepared(EventPublishingRunListener.java:85)
	at org.springframework.boot.SpringApplicationRunListeners.lambda$environmentPrepared$2(SpringApplicationRunListeners.java:66)
	at java.util.ArrayList.forEach(Unknown Source)
	at org.springframework.boot.SpringApplicationRunListeners.doWithListeners(SpringApplicationRunListeners.java:120)
	at org.springframework.boot.SpringApplicationRunListeners.doWithListeners(SpringApplicationRunListeners.java:114)
	at org.springframework.boot.SpringApplicationRunListeners.environmentPrepared(SpringApplicationRunListeners.java:65)
	at org.springframework.boot.SpringApplication.prepareEnvironment(SpringApplication.java:339)
	at org.springframework.boot.SpringApplication.run(SpringApplication.java:297)
	at org.springframework.boot.SpringApplication.run(SpringApplication.java:1312)
	at org.springframework.boot.SpringApplication.run(SpringApplication.java:1301)
	at com.rest.api.pokedex.core.PokedexApplication.main(PokedexApplication.java:10)
	at sun.reflect.NativeMethodAccessorImpl.invoke0(Native Method)
	at sun.reflect.NativeMethodAccessorImpl.invoke(Unknown Source)
	at sun.reflect.DelegatingMethodAccessorImpl.invoke(Unknown Source)
	at java.lang.reflect.Method.invoke(Unknown Source)
	at org.springframework.boot.devtools.restart.RestartLauncher.run(RestartLauncher.java:49)
Caused by: java.lang.IllegalStateException: Logback configuration error detected: 
ERROR in ch.qos.logback.classic.PatternLayout("null") - Empty or null pattern.
	at org.springframework.boot.logging.logback.LogbackLoggingSystem.loadConfiguration(LogbackLoggingSystem.java:179)
	at org.springframework.boot.logging.logback.LogbackLoggingSystem.reinitialize(LogbackLoggingSystem.java:232)
	at org.springframework.boot.logging.AbstractLoggingSystem.initializeWithConventions(AbstractLoggingSystem.java:73)
	at org.springframework.boot.logging.AbstractLoggingSystem.initialize(AbstractLoggingSystem.java:60)
	at org.springframework.boot.logging.logback.LogbackLoggingSystem.initialize(LogbackLoggingSystem.java:132)
	at org.springframework.boot.context.logging.LoggingApplicationListener.initializeSystem(LoggingApplicationListener.java:313)
	... 23 common frames omitted
2022-04-08 06:31:56,721 INFO org.springframework.boot.StartupInfoLogger [restartedMain] Starting PokedexApplication using Java 1.8.0_201 on LAPTOP-SK46QSKN with PID 4568 (C:\Users\52554\Documents\pokedexRestApi\Pokedex\target\classes started by Jesus in C:\Users\52554\Documents\pokedexRestApi\Pokedex)
2022-04-08 06:31:56,722 DEBUG org.springframework.boot.StartupInfoLogger [restartedMain] Running with Spring Boot v2.6.6, Spring v5.3.18
2022-04-08 06:31:56,722 INFO org.springframework.boot.SpringApplication [restartedMain] The following 1 profile is active: "default"
2022-04-08 06:31:56,883 TRACE org.springframework.context.annotation.ClassPathScanningCandidateComponentProvider [restartedMain] Scanning file [C:\Users\52554\Documents\pokedexRestApi\Pokedex\target\classes\com\rest\api\pokedex\core\repository\mapper\IPokemonMapper.class]
2022-04-08 06:31:56,883 DEBUG org.springframework.context.annotation.ClassPathScanningCandidateComponentProvider [restartedMain] Identified candidate component class: file [C:\Users\52554\Documents\pokedexRestApi\Pokedex\target\classes\com\rest\api\pokedex\core\repository\mapper\IPokemonMapper.class]
2022-04-08 06:31:56,883 DEBUG org.mybatis.spring.mapper.ClassPathMapperScanner [restartedMain] Creating MapperFactoryBean with name 'IPokemonMapper' and 'com.rest.api.pokedex.core.repository.mapper.IPokemonMapper' mapperInterface
2022-04-08 06:31:56,911 INFO org.springframework.data.repository.config.RepositoryConfigurationDelegate [restartedMain] Bootstrapping Spring Data JPA repositories in DEFAULT mode.
2022-04-08 06:31:56,917 INFO org.springframework.data.repository.config.RepositoryConfigurationDelegate [restartedMain] Finished Spring Data repository scanning in 4 ms. Found 0 JPA repository interfaces.
2022-04-08 06:31:57,035 INFO org.springframework.boot.web.embedded.tomcat.TomcatWebServer [restartedMain] Tomcat initialized with port(s): 9097 (http)
2022-04-08 06:31:57,036 INFO org.apache.juli.logging.DirectJDKLog [restartedMain] Starting service [Tomcat]
2022-04-08 06:31:57,036 INFO org.apache.juli.logging.DirectJDKLog [restartedMain] Starting Servlet engine: [Apache Tomcat/9.0.60]
2022-04-08 06:31:57,056 INFO org.apache.juli.logging.DirectJDKLog [restartedMain] Initializing Spring embedded WebApplicationContext
2022-04-08 06:31:57,057 INFO org.springframework.boot.web.servlet.context.ServletWebServerApplicationContext [restartedMain] Root WebApplicationContext: initialization completed in 332 ms
2022-04-08 06:31:57,076 INFO com.zaxxer.hikari.HikariDataSource [restartedMain] HikariPool-5 - Starting...
2022-04-08 06:31:57,080 INFO com.zaxxer.hikari.HikariDataSource [restartedMain] HikariPool-5 - Start completed.
2022-04-08 06:31:57,086 INFO org.hibernate.jpa.internal.util.LogHelper [restartedMain] HHH000204: Processing PersistenceUnitInfo [name: default]
2022-04-08 06:31:57,091 INFO org.hibernate.dialect.Dialect [restartedMain] HHH000400: Using dialect: org.hibernate.dialect.MySQL55Dialect
2022-04-08 06:31:57,097 INFO org.hibernate.engine.transaction.jta.platform.internal.JtaPlatformInitiator [restartedMain] HHH000490: Using JtaPlatform implementation: [org.hibernate.engine.transaction.jta.platform.internal.NoJtaPlatform]
2022-04-08 06:31:57,098 INFO org.springframework.orm.jpa.AbstractEntityManagerFactoryBean [restartedMain] Initialized JPA EntityManagerFactory for persistence unit 'default'
2022-04-08 06:31:57,109 DEBUG org.mybatis.spring.SqlSessionFactoryBean [restartedMain] Property 'configuration' or 'configLocation' not specified, using default MyBatis Configuration
2022-04-08 06:31:57,110 DEBUG org.mybatis.spring.SqlSessionFactoryBean [restartedMain] Property 'mapperLocations' was not specified or no matching resources found
2022-04-08 06:31:57,128 WARN org.springframework.boot.autoconfigure.orm.jpa.JpaBaseConfiguration$JpaWebConfiguration [restartedMain] spring.jpa.open-in-view is enabled by default. Therefore, database queries may be performed during view rendering. Explicitly configure spring.jpa.open-in-view to disable this warning
2022-04-08 06:31:57,228 INFO org.springframework.boot.devtools.autoconfigure.OptionalLiveReloadServer [restartedMain] LiveReload server is running on port 35729
2022-04-08 06:31:57,239 INFO org.springframework.boot.web.embedded.tomcat.TomcatWebServer [restartedMain] Tomcat started on port(s): 9097 (http) with context path ''
2022-04-08 06:31:57,243 INFO org.springframework.boot.StartupInfoLogger [restartedMain] Started PokedexApplication in 0.554 seconds (JVM running for 738.373)
2022-04-08 06:31:57,244 INFO org.springframework.boot.devtools.autoconfigure.ConditionEvaluationDeltaLoggingListener [restartedMain] Condition evaluation unchanged
2022-04-08 06:32:16,244 INFO org.springframework.orm.jpa.AbstractEntityManagerFactoryBean [Thread-27] Closing JPA EntityManagerFactory for persistence unit 'default'
2022-04-08 06:32:16,246 INFO com.zaxxer.hikari.HikariDataSource [Thread-27] HikariPool-5 - Shutdown initiated...
2022-04-08 06:32:16,251 INFO com.zaxxer.hikari.HikariDataSource [Thread-27] HikariPool-5 - Shutdown completed.
2022-04-08 06:32:16,376 INFO org.springframework.boot.StartupInfoLogger [restartedMain] Starting PokedexApplication using Java 1.8.0_201 on LAPTOP-SK46QSKN with PID 4568 (C:\Users\52554\Documents\pokedexRestApi\Pokedex\target\classes started by Jesus in C:\Users\52554\Documents\pokedexRestApi\Pokedex)
2022-04-08 06:32:16,376 DEBUG org.springframework.boot.StartupInfoLogger [restartedMain] Running with Spring Boot v2.6.6, Spring v5.3.18
2022-04-08 06:32:16,377 INFO org.springframework.boot.SpringApplication [restartedMain] The following 1 profile is active: "default"
2022-04-08 06:32:16,525 TRACE org.springframework.context.annotation.ClassPathScanningCandidateComponentProvider [restartedMain] Scanning file [C:\Users\52554\Documents\pokedexRestApi\Pokedex\target\classes\com\rest\api\pokedex\core\repository\mapper\IPokemonMapper.class]
2022-04-08 06:32:16,525 DEBUG org.springframework.context.annotation.ClassPathScanningCandidateComponentProvider [restartedMain] Identified candidate component class: file [C:\Users\52554\Documents\pokedexRestApi\Pokedex\target\classes\com\rest\api\pokedex\core\repository\mapper\IPokemonMapper.class]
2022-04-08 06:32:16,525 DEBUG org.mybatis.spring.mapper.ClassPathMapperScanner [restartedMain] Creating MapperFactoryBean with name 'IPokemonMapper' and 'com.rest.api.pokedex.core.repository.mapper.IPokemonMapper' mapperInterface
2022-04-08 06:32:16,554 INFO org.springframework.data.repository.config.RepositoryConfigurationDelegate [restartedMain] Bootstrapping Spring Data JPA repositories in DEFAULT mode.
2022-04-08 06:32:16,560 INFO org.springframework.data.repository.config.RepositoryConfigurationDelegate [restartedMain] Finished Spring Data repository scanning in 4 ms. Found 0 JPA repository interfaces.
2022-04-08 06:32:16,647 INFO org.springframework.boot.web.embedded.tomcat.TomcatWebServer [restartedMain] Tomcat initialized with port(s): 9097 (http)
2022-04-08 06:32:16,648 INFO org.apache.juli.logging.DirectJDKLog [restartedMain] Starting service [Tomcat]
2022-04-08 06:32:16,648 INFO org.apache.juli.logging.DirectJDKLog [restartedMain] Starting Servlet engine: [Apache Tomcat/9.0.60]
2022-04-08 06:32:16,664 INFO org.apache.juli.logging.DirectJDKLog [restartedMain] Initializing Spring embedded WebApplicationContext
2022-04-08 06:32:16,665 INFO org.springframework.boot.web.servlet.context.ServletWebServerApplicationContext [restartedMain] Root WebApplicationContext: initialization completed in 284 ms
2022-04-08 06:32:16,684 INFO com.zaxxer.hikari.HikariDataSource [restartedMain] HikariPool-6 - Starting...
2022-04-08 06:32:16,688 INFO com.zaxxer.hikari.HikariDataSource [restartedMain] HikariPool-6 - Start completed.
2022-04-08 06:32:16,694 INFO org.hibernate.jpa.internal.util.LogHelper [restartedMain] HHH000204: Processing PersistenceUnitInfo [name: default]
2022-04-08 06:32:16,699 INFO org.hibernate.dialect.Dialect [restartedMain] HHH000400: Using dialect: org.hibernate.dialect.MySQL55Dialect
2022-04-08 06:32:16,705 INFO org.hibernate.engine.transaction.jta.platform.internal.JtaPlatformInitiator [restartedMain] HHH000490: Using JtaPlatform implementation: [org.hibernate.engine.transaction.jta.platform.internal.NoJtaPlatform]
2022-04-08 06:32:16,706 INFO org.springframework.orm.jpa.AbstractEntityManagerFactoryBean [restartedMain] Initialized JPA EntityManagerFactory for persistence unit 'default'
2022-04-08 06:32:16,716 DEBUG org.mybatis.spring.SqlSessionFactoryBean [restartedMain] Property 'configuration' or 'configLocation' not specified, using default MyBatis Configuration
2022-04-08 06:32:16,717 DEBUG org.mybatis.spring.SqlSessionFactoryBean [restartedMain] Property 'mapperLocations' was not specified or no matching resources found
2022-04-08 06:32:16,736 WARN org.springframework.boot.autoconfigure.orm.jpa.JpaBaseConfiguration$JpaWebConfiguration [restartedMain] spring.jpa.open-in-view is enabled by default. Therefore, database queries may be performed during view rendering. Explicitly configure spring.jpa.open-in-view to disable this warning
2022-04-08 06:32:16,816 INFO org.springframework.boot.devtools.autoconfigure.OptionalLiveReloadServer [restartedMain] LiveReload server is running on port 35729
2022-04-08 06:32:16,826 INFO org.springframework.boot.web.embedded.tomcat.TomcatWebServer [restartedMain] Tomcat started on port(s): 9097 (http) with context path ''
2022-04-08 06:32:16,830 INFO org.springframework.boot.StartupInfoLogger [restartedMain] Started PokedexApplication in 0.487 seconds (JVM running for 757.96)
2022-04-08 06:32:16,832 INFO org.springframework.boot.devtools.autoconfigure.ConditionEvaluationDeltaLoggingListener [restartedMain] Condition evaluation unchanged
2022-04-08 06:32:37,867 INFO org.apache.juli.logging.DirectJDKLog [http-nio-9097-exec-2] Initializing Spring DispatcherServlet 'dispatcherServlet'
2022-04-08 06:32:37,869 INFO org.springframework.web.servlet.FrameworkServlet [http-nio-9097-exec-2] Initializing Servlet 'dispatcherServlet'
2022-04-08 06:32:37,870 INFO org.springframework.web.servlet.FrameworkServlet [http-nio-9097-exec-2] Completed initialization in 1 ms
2022-04-08 06:32:37,932 INFO com.rest.api.pokedex.core.controller.PokemonController [http-nio-9097-exec-2] ingresa a capa de controller obtenerListaPokemon Method:: PUT..
2022-04-08 06:32:37,932 INFO com.rest.api.pokedex.core.service.impl.PokemonService [http-nio-9097-exec-2] pasando metodo de actualizarPokemon en capa de servicio..
2022-04-08 06:32:37,937 INFO com.rest.api.pokedex.core.repository.impl.PokemonRepository [http-nio-9097-exec-2] ingresa a capa de Repository :: actualizarPokemon
2022-04-08 06:32:37,938 DEBUG org.mybatis.spring.SqlSessionUtils [http-nio-9097-exec-2] Creating a new SqlSession
2022-04-08 06:32:37,938 DEBUG org.mybatis.spring.SqlSessionUtils [http-nio-9097-exec-2] SqlSession [org.apache.ibatis.session.defaults.DefaultSqlSession@7cc3f5ec] was not registered for synchronization because synchronization is not active
2022-04-08 06:32:37,939 DEBUG org.mybatis.spring.transaction.SpringManagedTransaction [http-nio-9097-exec-2] JDBC Connection [HikariProxyConnection@1398759686 wrapping com.mysql.cj.jdbc.ConnectionImpl@6949a1dc] will not be managed by Spring
2022-04-08 06:32:37,940 DEBUG org.apache.ibatis.logging.jdbc.BaseJdbcLogger [http-nio-9097-exec-2] ==>  Preparing: UPDATE pokemon SET nombre=?, tipo =?, habilidad =?, imagen =? WHERE idPokemon =? 
2022-04-08 06:32:37,953 DEBUG org.apache.ibatis.logging.jdbc.BaseJdbcLogger [http-nio-9097-exec-2] ==> Parameters: Charmander(String), Fuego(String), Lanzallamas(String), [B@79299b9a(byte[]), 1(Integer)
2022-04-08 06:32:37,954 DEBUG org.apache.ibatis.logging.jdbc.BaseJdbcLogger [http-nio-9097-exec-2] <==    Updates: 0
2022-04-08 06:32:37,955 DEBUG org.mybatis.spring.SqlSessionUtils [http-nio-9097-exec-2] Closing non transactional SqlSession [org.apache.ibatis.session.defaults.DefaultSqlSession@7cc3f5ec]
2022-04-08 06:37:55,969 INFO org.springframework.orm.jpa.AbstractEntityManagerFactoryBean [Thread-35] Closing JPA EntityManagerFactory for persistence unit 'default'
2022-04-08 06:37:55,969 INFO com.zaxxer.hikari.HikariDataSource [Thread-35] HikariPool-6 - Shutdown initiated...
2022-04-08 06:37:55,972 INFO com.zaxxer.hikari.HikariDataSource [Thread-35] HikariPool-6 - Shutdown completed.
